<?xml version="1.0" encoding="UTF-8"?>
<!-- Generated by org.testng.reporters.JUnitReportReporter -->
<testsuite hostname="Rahuls-Air.attlocal.net" failures="0" tests="1" name="AppTestCase.LongPress" time="9.876" errors="0" timestamp="2023-12-31T13:12:39 CST" skipped="0">
  <testcase classname="AppTestCase.LongPress" name="longpress" time="9.876"/>
  <system-out/>
</testsuite> <!-- AppTestCase.LongPress -->
