<?xml version="1.0" encoding="UTF-8"?>
<!-- Generated by org.testng.reporters.JUnitReportReporter -->
<testsuite hostname="Rahuls-Air.attlocal.net" failures="0" tests="1" name="AppTestCase.GalleryTestCase" time="7.178" errors="0" timestamp="2024-01-01T14:51:30 CST" skipped="0">
  <testcase classname="AppTestCase.GalleryTestCase" name="GalleryTestCae" time="7.178"/>
  <system-out/>
</testsuite> <!-- AppTestCase.GalleryTestCase -->
