<?xml version="1.0" encoding="UTF-8"?>
<!-- Generated by org.testng.reporters.JUnitReportReporter -->
<testsuite hostname="Rahuls-Air.attlocal.net" failures="0" tests="1" name="AppTestCase.AppiumDemo" time="13.044" errors="0" timestamp="2023-12-30T17:44:16 CST" skipped="0">
  <testcase classname="AppTestCase.AppiumDemo" name="AppiumTestDemo" time="13.044"/>
</testsuite> <!-- AppTestCase.AppiumDemo -->
