<?xml version="1.0" encoding="UTF-8"?>
<!-- Generated by org.testng.reporters.JUnitReportReporter -->
<testsuite hostname="Rahuls-Air.attlocal.net" failures="0" tests="1" name="AppTestCase.LongPress" time="13.912" errors="0" timestamp="2023-12-31T00:15:29 CST" skipped="0">
  <testcase classname="AppTestCase.LongPress" name="longpress" time="13.912"/>
  <system-out/>
</testsuite> <!-- AppTestCase.LongPress -->
