<?xml version="1.0" encoding="UTF-8"?>
<!-- Generated by org.testng.reporters.JUnitReportReporter -->
<testsuite hostname="Rahuls-Air.attlocal.net" failures="0" tests="1" name="AppTestCase.ScrollDemo" time="11.595" errors="0" timestamp="2024-01-01T14:14:52 CST" skipped="0">
  <testcase classname="AppTestCase.ScrollDemo" name="ScrollAction" time="11.595"/>
  <system-out/>
</testsuite> <!-- AppTestCase.ScrollDemo -->
