<?xml version="1.0" encoding="UTF-8"?>
<!-- Generated by org.testng.reporters.JUnitReportReporter -->
<testsuite hostname="Rahuls-Air.attlocal.net" failures="0" tests="1" name="AppTestCase.GalleryTestCase" time="5.202" errors="0" timestamp="2023-12-31T01:22:33 CST" skipped="0">
  <testcase classname="AppTestCase.GalleryTestCase" name="GalleryTestCae" time="5.202"/>
  <system-out/>
</testsuite> <!-- AppTestCase.GalleryTestCase -->
