<?xml version="1.0" encoding="UTF-8"?>
<!-- Generated by org.testng.reporters.JUnitReportReporter -->
<testsuite hostname="Rahuls-Air.attlocal.net" failures="0" tests="1" name="RahulAppiumTestingDemo.AppiumTest.AppiumDemo" time="12.893" errors="0" timestamp="2023-12-30T17:11:06 CST" skipped="0">
  <testcase classname="RahulAppiumTestingDemo.AppiumTest.AppiumDemo" name="AppiumTestDemo" time="12.893"/>
</testsuite> <!-- RahulAppiumTestingDemo.AppiumTest.AppiumDemo -->
